mode: atomic
github.com/cypherlabdev/odds-adapter-service/internal/aggregator/odds_aggregator.go:44.19,64.2 2 13
github.com/cypherlabdev/odds-adapter-service/internal/aggregator/odds_aggregator.go:67.59,77.6 5 6
github.com/cypherlabdev/odds-adapter-service/internal/aggregator/odds_aggregator.go:77.6,78.10 1 19
github.com/cypherlabdev/odds-adapter-service/internal/aggregator/odds_aggregator.go:79.21,81.22 1 5
github.com/cypherlabdev/odds-adapter-service/internal/aggregator/odds_aggregator.go:81.22,82.54 1 2
github.com/cypherlabdev/odds-adapter-service/internal/aggregator/odds_aggregator.go:82.54,84.6 1 0
github.com/cypherlabdev/odds-adapter-service/internal/aggregator/odds_aggregator.go:86.4,87.32 2 5
github.com/cypherlabdev/odds-adapter-service/internal/aggregator/odds_aggregator.go:89.34,90.11 1 12
github.com/cypherlabdev/odds-adapter-service/internal/aggregator/odds_aggregator.go:90.11,93.5 2 1
github.com/cypherlabdev/odds-adapter-service/internal/aggregator/odds_aggregator.go:96.4,99.33 2 11
github.com/cypherlabdev/odds-adapter-service/internal/aggregator/odds_aggregator.go:99.33,100.54 1 3
github.com/cypherlabdev/odds-adapter-service/internal/aggregator/odds_aggregator.go:100.54,103.6 1 1
github.com/cypherlabdev/odds-adapter-service/internal/aggregator/odds_aggregator.go:103.11,105.6 1 2
github.com/cypherlabdev/odds-adapter-service/internal/aggregator/odds_aggregator.go:108.19,110.22 1 2
github.com/cypherlabdev/odds-adapter-service/internal/aggregator/odds_aggregator.go:110.22,111.54 1 1
github.com/cypherlabdev/odds-adapter-service/internal/aggregator/odds_aggregator.go:111.54,113.6 1 0
github.com/cypherlabdev/odds-adapter-service/internal/aggregator/odds_aggregator.go:113.11,115.6 1 1
github.com/cypherlabdev/odds-adapter-service/internal/aggregator/odds_aggregator.go:122.91,123.21 1 12
github.com/cypherlabdev/odds-adapter-service/internal/aggregator/odds_aggregator.go:123.21,125.3 1 1
github.com/cypherlabdev/odds-adapter-service/internal/aggregator/odds_aggregator.go:128.2,129.29 2 11
github.com/cypherlabdev/odds-adapter-service/internal/aggregator/odds_aggregator.go:129.29,131.3 1 519
github.com/cypherlabdev/odds-adapter-service/internal/aggregator/odds_aggregator.go:134.2,134.54 1 11
github.com/cypherlabdev/odds-adapter-service/internal/aggregator/odds_aggregator.go:134.54,137.37 2 12
github.com/cypherlabdev/odds-adapter-service/internal/aggregator/odds_aggregator.go:137.37,139.4 1 519
github.com/cypherlabdev/odds-adapter-service/internal/aggregator/odds_aggregator.go:141.3,150.17 3 12
github.com/cypherlabdev/odds-adapter-service/internal/aggregator/odds_aggregator.go:150.17,152.4 1 0
github.com/cypherlabdev/odds-adapter-service/internal/aggregator/odds_aggregator.go:155.3,166.68 2 12
github.com/cypherlabdev/odds-adapter-service/internal/aggregator/odds_aggregator.go:166.68,173.4 2 1
github.com/cypherlabdev/odds-adapter-service/internal/aggregator/odds_aggregator.go:175.3,179.40 1 11
github.com/cypherlabdev/odds-adapter-service/internal/aggregator/odds_aggregator.go:182.2,182.12 1 10
github.com/cypherlabdev/odds-adapter-service/internal/aggregator/odds_aggregator.go:186.40,188.2 1 0
github.com/cypherlabdev/odds-adapter-service/internal/adapter/optiodds_adapter.go:40.20,51.2 1 14
github.com/cypherlabdev/odds-adapter-service/internal/adapter/optiodds_adapter.go:54.60,64.36 4 2
github.com/cypherlabdev/odds-adapter-service/internal/adapter/optiodds_adapter.go:64.36,66.3 1 0
github.com/cypherlabdev/odds-adapter-service/internal/adapter/optiodds_adapter.go:69.2,69.6 1 2
github.com/cypherlabdev/odds-adapter-service/internal/adapter/optiodds_adapter.go:69.6,70.10 1 5
github.com/cypherlabdev/odds-adapter-service/internal/adapter/optiodds_adapter.go:71.21,73.14 2 2
github.com/cypherlabdev/odds-adapter-service/internal/adapter/optiodds_adapter.go:75.19,76.38 1 3
github.com/cypherlabdev/odds-adapter-service/internal/adapter/optiodds_adapter.go:76.38,79.5 1 1
github.com/cypherlabdev/odds-adapter-service/internal/adapter/optiodds_adapter.go:85.59,88.16 2 13
github.com/cypherlabdev/odds-adapter-service/internal/adapter/optiodds_adapter.go:88.16,90.3 1 0
github.com/cypherlabdev/odds-adapter-service/internal/adapter/optiodds_adapter.go:93.2,98.16 4 13
github.com/cypherlabdev/odds-adapter-service/internal/adapter/optiodds_adapter.go:98.16,100.3 1 3
github.com/cypherlabdev/odds-adapter-service/internal/adapter/optiodds_adapter.go:101.2,104.38 2 10
github.com/cypherlabdev/odds-adapter-service/internal/adapter/optiodds_adapter.go:104.38,107.3 2 2
github.com/cypherlabdev/odds-adapter-service/internal/adapter/optiodds_adapter.go:110.2,111.69 2 8
github.com/cypherlabdev/odds-adapter-service/internal/adapter/optiodds_adapter.go:111.69,113.3 1 1
github.com/cypherlabdev/odds-adapter-service/internal/adapter/optiodds_adapter.go:116.2,117.38 2 7
github.com/cypherlabdev/odds-adapter-service/internal/adapter/optiodds_adapter.go:117.38,118.47 1 5
github.com/cypherlabdev/odds-adapter-service/internal/adapter/optiodds_adapter.go:118.47,123.12 2 0
github.com/cypherlabdev/odds-adapter-service/internal/adapter/optiodds_adapter.go:125.3,125.10 1 5
github.com/cypherlabdev/odds-adapter-service/internal/adapter/optiodds_adapter.go:128.2,132.12 2 7
github.com/cypherlabdev/odds-adapter-service/internal/adapter/optiodds_adapter.go:136.74,139.16 2 8
github.com/cypherlabdev/odds-adapter-service/internal/adapter/optiodds_adapter.go:139.16,145.3 2 1
github.com/cypherlabdev/odds-adapter-service/internal/adapter/optiodds_adapter.go:148.2,148.39 1 8
github.com/cypherlabdev/odds-adapter-service/internal/adapter/optiodds_adapter.go:148.39,149.43 1 9
github.com/cypherlabdev/odds-adapter-service/internal/adapter/optiodds_adapter.go:149.43,173.11 2 10
github.com/cypherlabdev/odds-adapter-service/internal/adapter/optiodds_adapter.go:174.33,179.36 1 9
github.com/cypherlabdev/odds-adapter-service/internal/adapter/optiodds_adapter.go:180.12,181.70 1 1
github.com/cypherlabdev/odds-adapter-service/internal/adapter/optiodds_adapter.go:186.2,186.12 1 8
github.com/cypherlabdev/odds-adapter-service/internal/adapter/optiodds_adapter.go:190.65,191.20 1 19
github.com/cypherlabdev/odds-adapter-service/internal/adapter/optiodds_adapter.go:192.42,193.36 1 12
github.com/cypherlabdev/odds-adapter-service/internal/adapter/optiodds_adapter.go:194.29,195.36 1 3
github.com/cypherlabdev/odds-adapter-service/internal/adapter/optiodds_adapter.go:196.28,197.35 1 2
github.com/cypherlabdev/odds-adapter-service/internal/adapter/optiodds_adapter.go:198.14,199.36 1 1
github.com/cypherlabdev/odds-adapter-service/internal/adapter/optiodds_adapter.go:200.10,201.39 1 1
github.com/cypherlabdev/odds-adapter-service/internal/adapter/trade360_adapter.go:39.29,42.16 2 1
github.com/cypherlabdev/odds-adapter-service/internal/adapter/trade360_adapter.go:42.16,44.3 1 1
github.com/cypherlabdev/odds-adapter-service/internal/adapter/trade360_adapter.go:47.2,48.16 2 0
github.com/cypherlabdev/odds-adapter-service/internal/adapter/trade360_adapter.go:48.16,51.3 2 0
github.com/cypherlabdev/odds-adapter-service/internal/adapter/trade360_adapter.go:54.2,62.16 2 0
github.com/cypherlabdev/odds-adapter-service/internal/adapter/trade360_adapter.go:62.16,66.3 3 0
github.com/cypherlabdev/odds-adapter-service/internal/adapter/trade360_adapter.go:68.2,74.8 1 0
github.com/cypherlabdev/odds-adapter-service/internal/adapter/trade360_adapter.go:78.60,84.16 1 0
github.com/cypherlabdev/odds-adapter-service/internal/adapter/trade360_adapter.go:84.16,86.3 1 0
github.com/cypherlabdev/odds-adapter-service/internal/adapter/trade360_adapter.go:89.2,98.16 2 0
github.com/cypherlabdev/odds-adapter-service/internal/adapter/trade360_adapter.go:98.16,100.3 1 0
github.com/cypherlabdev/odds-adapter-service/internal/adapter/trade360_adapter.go:102.2,107.12 2 0
github.com/cypherlabdev/odds-adapter-service/internal/adapter/trade360_adapter.go:107.12,108.7 1 0
github.com/cypherlabdev/odds-adapter-service/internal/adapter/trade360_adapter.go:108.7,109.11 1 0
github.com/cypherlabdev/odds-adapter-service/internal/adapter/trade360_adapter.go:110.22,112.11 2 0
github.com/cypherlabdev/odds-adapter-service/internal/adapter/trade360_adapter.go:114.31,115.12 1 0
github.com/cypherlabdev/odds-adapter-service/internal/adapter/trade360_adapter.go:115.12,118.6 2 0
github.com/cypherlabdev/odds-adapter-service/internal/adapter/trade360_adapter.go:120.5,120.49 1 0
github.com/cypherlabdev/odds-adapter-service/internal/adapter/trade360_adapter.go:120.49,128.6 2 0
github.com/cypherlabdev/odds-adapter-service/internal/adapter/trade360_adapter.go:128.11,131.6 1 0
github.com/cypherlabdev/odds-adapter-service/internal/adapter/trade360_adapter.go:136.2,136.12 1 0
github.com/cypherlabdev/odds-adapter-service/internal/adapter/trade360_adapter.go:140.67,143.56 2 10
github.com/cypherlabdev/odds-adapter-service/internal/adapter/trade360_adapter.go:143.56,145.3 1 1
github.com/cypherlabdev/odds-adapter-service/internal/adapter/trade360_adapter.go:148.2,149.16 2 9
github.com/cypherlabdev/odds-adapter-service/internal/adapter/trade360_adapter.go:149.16,155.3 2 1
github.com/cypherlabdev/odds-adapter-service/internal/adapter/trade360_adapter.go:158.2,158.38 1 9
github.com/cypherlabdev/odds-adapter-service/internal/adapter/trade360_adapter.go:158.38,159.47 1 9
github.com/cypherlabdev/odds-adapter-service/internal/adapter/trade360_adapter.go:159.47,183.11 2 110
github.com/cypherlabdev/odds-adapter-service/internal/adapter/trade360_adapter.go:184.33,189.36 1 109
github.com/cypherlabdev/odds-adapter-service/internal/adapter/trade360_adapter.go:190.12,191.70 1 1
github.com/cypherlabdev/odds-adapter-service/internal/adapter/trade360_adapter.go:196.2,196.12 1 9
github.com/cypherlabdev/odds-adapter-service/internal/adapter/trade360_adapter.go:200.41,201.42 1 0
github.com/cypherlabdev/odds-adapter-service/internal/adapter/trade360_adapter.go:201.42,203.3 1 0
github.com/cypherlabdev/odds-adapter-service/internal/adapter/trade360_adapter.go:204.2,204.39 1 0
github.com/cypherlabdev/odds-adapter-service/internal/adapter/trade360_adapter.go:204.39,206.3 1 0
github.com/cypherlabdev/odds-adapter-service/internal/adapter/trade360_adapter.go:207.2,207.12 1 0
github.com/cypherlabdev/odds-adapter-service/internal/adapter/trade360_adapter.go:211.65,212.20 1 120
github.com/cypherlabdev/odds-adapter-service/internal/adapter/trade360_adapter.go:213.43,214.36 1 111
github.com/cypherlabdev/odds-adapter-service/internal/adapter/trade360_adapter.go:215.30,216.36 1 4
github.com/cypherlabdev/odds-adapter-service/internal/adapter/trade360_adapter.go:217.36,218.35 1 2
github.com/cypherlabdev/odds-adapter-service/internal/adapter/trade360_adapter.go:219.37,220.36 1 2
github.com/cypherlabdev/odds-adapter-service/internal/adapter/trade360_adapter.go:221.10,222.39 1 1
